[debug] [2024-08-08T09:17:48.437Z] ----------------------------------------------------------------------
[debug] [2024-08-08T09:17:48.442Z] Command:       C:\Program Files\nodejs\node.exe C:\Users\Usuario\AppData\Roaming\npm\node_modules\firebase-tools\lib\bin\firebase.js init
[debug] [2024-08-08T09:17:48.443Z] CLI Version:   13.15.0
[debug] [2024-08-08T09:17:48.443Z] Platform:      win32
[debug] [2024-08-08T09:17:48.443Z] Node Version:  v20.16.0
[debug] [2024-08-08T09:17:48.443Z] Time:          Thu Aug 08 2024 05:17:48 GMT-0400 (hora estándar de Chile)
[debug] [2024-08-08T09:17:48.444Z] ----------------------------------------------------------------------
[debug] 
[debug] [2024-08-08T09:17:48.459Z] > command requires scopes: ["email","openid","https://www.googleapis.com/auth/cloudplatformprojects.readonly","https://www.googleapis.com/auth/firebase","https://www.googleapis.com/auth/cloud-platform"]
[debug] [2024-08-08T09:17:48.459Z] > authorizing via signed-in user (jeremy.hernandez@mail.udp.cl)
[info] 
     ######## #### ########  ######## ########     ###     ######  ########
     ##        ##  ##     ## ##       ##     ##  ##   ##  ##       ##
     ######    ##  ########  ######   ########  #########  ######  ######
     ##        ##  ##    ##  ##       ##     ## ##     ##       ## ##
     ##       #### ##     ## ######## ########  ##     ##  ######  ########

You're about to initialize a Firebase project in this directory:

  C:\Users\Usuario\Desktop\Full stack developer\Proyectos finales\proyecto4\restaurant-app

[info] 
=== Project Setup
[info] 
[info] First, let's associate this project directory with a Firebase project.
[info] You can create multiple project aliases by running firebase use --add, 
[info] but for now we'll just set up a default project.
[info] 
[debug] [2024-08-08T09:17:59.001Z] >>> [apiv2][query] GET https://firebase.googleapis.com/v1beta1/projects pageSize=100
[debug] [2024-08-08T09:17:59.847Z] <<< [apiv2][status] GET https://firebase.googleapis.com/v1beta1/projects 200
[debug] [2024-08-08T09:17:59.847Z] <<< [apiv2][body] GET https://firebase.googleapis.com/v1beta1/projects [omitted]
